<?xml version="1.0" encoding="UTF-8"?>
<!-- Generated by org.testng.reporters.JUnitXMLReporter -->
<testsuite ignored="0" hostname="DESKTOP-5B3SDIE" failures="0" tests="3" name="Submit Order Test" time="61.847" errors="0" timestamp="2025-01-08T14:23:14 EST">
  <testcase classname="rahulshettyacademy.tests.SubmitOrderTest" name="submitOrderTest" time="21.744"/>
  <testcase classname="rahulshettyacademy.tests.SubmitOrderTest" name="submitOrderTest" time="21.399"/>
  <testcase classname="rahulshettyacademy.tests.SubmitOrderTest" name="OrderHistoryTest" time="1.239"/>
</testsuite> <!-- Submit Order Test -->
